{"/home/merunga/laboratoria/0_WIP/code-quality/repos/cqb-01/src/data.js": {"path":"/home/merunga/laboratoria/0_WIP/code-quality/repos/cqb-01/src/data.js","statementMap":{"0":{"start":{"line":2,"column":28},"end":{"line":10,"column":1}},"1":{"start":{"line":3,"column":2},"end":{"line":5,"column":3}},"2":{"start":{"line":4,"column":4},"end":{"line":4,"column":14}},"3":{"start":{"line":6,"column":2},"end":{"line":8,"column":3}},"4":{"start":{"line":7,"column":4},"end":{"line":7,"column":13}},"5":{"start":{"line":9,"column":2},"end":{"line":9,"column":11}},"6":{"start":{"line":13,"column":28},"end":{"line":15,"column":1}},"7":{"start":{"line":14,"column":2},"end":{"line":14,"column":47}},"8":{"start":{"line":18,"column":25},"end":{"line":26,"column":1}},"9":{"start":{"line":19,"column":2},"end":{"line":21,"column":3}},"10":{"start":{"line":20,"column":4},"end":{"line":20,"column":14}},"11":{"start":{"line":22,"column":2},"end":{"line":24,"column":3}},"12":{"start":{"line":23,"column":4},"end":{"line":23,"column":13}},"13":{"start":{"line":25,"column":2},"end":{"line":25,"column":11}},"14":{"start":{"line":29,"column":25},"end":{"line":37,"column":1}},"15":{"start":{"line":30,"column":2},"end":{"line":32,"column":3}},"16":{"start":{"line":31,"column":4},"end":{"line":31,"column":14}},"17":{"start":{"line":33,"column":2},"end":{"line":35,"column":3}},"18":{"start":{"line":34,"column":4},"end":{"line":34,"column":13}},"19":{"start":{"line":36,"column":2},"end":{"line":36,"column":11}},"20":{"start":{"line":39,"column":28},"end":{"line":70,"column":3}},"21":{"start":{"line":42,"column":4},"end":{"line":67,"column":7}},"22":{"start":{"line":44,"column":8},"end":{"line":44,"column":48}},"23":{"start":{"line":45,"column":9},"end":{"line":45,"column":15}},"24":{"start":{"line":47,"column":8},"end":{"line":47,"column":58}},"25":{"start":{"line":48,"column":8},"end":{"line":48,"column":14}},"26":{"start":{"line":50,"column":10},"end":{"line":50,"column":48}},"27":{"start":{"line":51,"column":10},"end":{"line":51,"column":16}},"28":{"start":{"line":53,"column":10},"end":{"line":53,"column":58}},"29":{"start":{"line":54,"column":10},"end":{"line":54,"column":16}},"30":{"start":{"line":56,"column":10},"end":{"line":56,"column":48}},"31":{"start":{"line":57,"column":10},"end":{"line":57,"column":16}},"32":{"start":{"line":59,"column":10},"end":{"line":59,"column":58}},"33":{"start":{"line":60,"column":10},"end":{"line":60,"column":16}},"34":{"start":{"line":62,"column":10},"end":{"line":62,"column":51}},"35":{"start":{"line":63,"column":10},"end":{"line":63,"column":16}},"36":{"start":{"line":65,"column":10},"end":{"line":65,"column":61}},"37":{"start":{"line":66,"column":10},"end":{"line":66,"column":16}},"38":{"start":{"line":68,"column":6},"end":{"line":68,"column":20}},"39":{"start":{"line":73,"column":29},"end":{"line":83,"column":1}},"40":{"start":{"line":74,"column":17},"end":{"line":81,"column":4}},"41":{"start":{"line":75,"column":19},"end":{"line":75,"column":45}},"42":{"start":{"line":76,"column":4},"end":{"line":79,"column":5}},"43":{"start":{"line":77,"column":19},"end":{"line":77,"column":55}},"44":{"start":{"line":78,"column":6},"end":{"line":78,"column":18}},"45":{"start":{"line":80,"column":4},"end":{"line":80,"column":18}},"46":{"start":{"line":82,"column":2},"end":{"line":82,"column":16}},"47":{"start":{"line":85,"column":28},"end":{"line":97,"column":1}},"48":{"start":{"line":86,"column":17},"end":{"line":95,"column":4}},"49":{"start":{"line":87,"column":19},"end":{"line":87,"column":45}},"50":{"start":{"line":88,"column":17},"end":{"line":88,"column":49}},"51":{"start":{"line":89,"column":14},"end":{"line":89,"column":41}},"52":{"start":{"line":90,"column":4},"end":{"line":93,"column":5}},"53":{"start":{"line":91,"column":19},"end":{"line":91,"column":55}},"54":{"start":{"line":92,"column":6},"end":{"line":92,"column":38}},"55":{"start":{"line":94,"column":4},"end":{"line":94,"column":15}},"56":{"start":{"line":96,"column":2},"end":{"line":96,"column":16}},"57":{"start":{"line":99,"column":28},"end":{"line":107,"column":1}},"58":{"start":{"line":100,"column":17},"end":{"line":105,"column":4}},"59":{"start":{"line":101,"column":19},"end":{"line":101,"column":37}},"60":{"start":{"line":102,"column":17},"end":{"line":102,"column":49}},"61":{"start":{"line":103,"column":16},"end":{"line":103,"column":41}},"62":{"start":{"line":104,"column":4},"end":{"line":104,"column":15}},"63":{"start":{"line":106,"column":2},"end":{"line":106,"column":16}}},"fnMap":{"0":{"name":"(anonymous_0)","decl":{"start":{"line":2,"column":28},"end":{"line":2,"column":29}},"loc":{"start":{"line":2,"column":38},"end":{"line":10,"column":1}},"line":2},"1":{"name":"(anonymous_1)","decl":{"start":{"line":13,"column":28},"end":{"line":13,"column":29}},"loc":{"start":{"line":13,"column":37},"end":{"line":15,"column":1}},"line":13},"2":{"name":"(anonymous_2)","decl":{"start":{"line":18,"column":25},"end":{"line":18,"column":26}},"loc":{"start":{"line":18,"column":35},"end":{"line":26,"column":1}},"line":18},"3":{"name":"(anonymous_3)","decl":{"start":{"line":29,"column":25},"end":{"line":29,"column":26}},"loc":{"start":{"line":29,"column":34},"end":{"line":37,"column":1}},"line":29},"4":{"name":"(anonymous_4)","decl":{"start":{"line":40,"column":18},"end":{"line":40,"column":19}},"loc":{"start":{"line":40,"column":46},"end":{"line":69,"column":5}},"line":40},"5":{"name":"(anonymous_5)","decl":{"start":{"line":73,"column":29},"end":{"line":73,"column":30}},"loc":{"start":{"line":73,"column":54},"end":{"line":83,"column":1}},"line":73},"6":{"name":"(anonymous_6)","decl":{"start":{"line":74,"column":28},"end":{"line":74,"column":29}},"loc":{"start":{"line":74,"column":37},"end":{"line":81,"column":3}},"line":74},"7":{"name":"(anonymous_7)","decl":{"start":{"line":85,"column":28},"end":{"line":85,"column":29}},"loc":{"start":{"line":85,"column":53},"end":{"line":97,"column":1}},"line":85},"8":{"name":"(anonymous_8)","decl":{"start":{"line":86,"column":28},"end":{"line":86,"column":29}},"loc":{"start":{"line":86,"column":37},"end":{"line":95,"column":3}},"line":86},"9":{"name":"(anonymous_9)","decl":{"start":{"line":99,"column":28},"end":{"line":99,"column":29}},"loc":{"start":{"line":99,"column":40},"end":{"line":107,"column":1}},"line":99},"10":{"name":"(anonymous_10)","decl":{"start":{"line":100,"column":28},"end":{"line":100,"column":29}},"loc":{"start":{"line":100,"column":37},"end":{"line":105,"column":3}},"line":100}},"branchMap":{"0":{"loc":{"start":{"line":3,"column":2},"end":{"line":5,"column":3}},"type":"if","locations":[{"start":{"line":3,"column":2},"end":{"line":5,"column":3}},{"start":{},"end":{}}],"line":3},"1":{"loc":{"start":{"line":6,"column":2},"end":{"line":8,"column":3}},"type":"if","locations":[{"start":{"line":6,"column":2},"end":{"line":8,"column":3}},{"start":{},"end":{}}],"line":6},"2":{"loc":{"start":{"line":19,"column":2},"end":{"line":21,"column":3}},"type":"if","locations":[{"start":{"line":19,"column":2},"end":{"line":21,"column":3}},{"start":{},"end":{}}],"line":19},"3":{"loc":{"start":{"line":22,"column":2},"end":{"line":24,"column":3}},"type":"if","locations":[{"start":{"line":22,"column":2},"end":{"line":24,"column":3}},{"start":{},"end":{}}],"line":22},"4":{"loc":{"start":{"line":30,"column":2},"end":{"line":32,"column":3}},"type":"if","locations":[{"start":{"line":30,"column":2},"end":{"line":32,"column":3}},{"start":{},"end":{}}],"line":30},"5":{"loc":{"start":{"line":33,"column":2},"end":{"line":35,"column":3}},"type":"if","locations":[{"start":{"line":33,"column":2},"end":{"line":35,"column":3}},{"start":{},"end":{}}],"line":33},"6":{"loc":{"start":{"line":42,"column":4},"end":{"line":67,"column":7}},"type":"switch","locations":[{"start":{"line":43,"column":6},"end":{"line":45,"column":15}},{"start":{"line":46,"column":6},"end":{"line":48,"column":14}},{"start":{"line":49,"column":6},"end":{"line":51,"column":16}},{"start":{"line":52,"column":6},"end":{"line":54,"column":16}},{"start":{"line":55,"column":6},"end":{"line":57,"column":16}},{"start":{"line":58,"column":6},"end":{"line":60,"column":16}},{"start":{"line":61,"column":6},"end":{"line":63,"column":16}},{"start":{"line":64,"column":6},"end":{"line":66,"column":16}}],"line":42},"7":{"loc":{"start":{"line":76,"column":4},"end":{"line":79,"column":5}},"type":"if","locations":[{"start":{"line":76,"column":4},"end":{"line":79,"column":5}},{"start":{},"end":{}}],"line":76},"8":{"loc":{"start":{"line":90,"column":4},"end":{"line":93,"column":5}},"type":"if","locations":[{"start":{"line":90,"column":4},"end":{"line":93,"column":5}},{"start":{},"end":{}}],"line":90}},"s":{"0":1,"1":5,"2":1,"3":4,"4":3,"5":1,"6":1,"7":7,"8":1,"9":11,"10":5,"11":6,"12":5,"13":1,"14":1,"15":11,"16":5,"17":6,"18":5,"19":1,"20":1,"21":8,"22":1,"23":1,"24":1,"25":1,"26":1,"27":1,"28":1,"29":1,"30":1,"31":1,"32":1,"33":1,"34":1,"35":1,"36":1,"37":1,"38":8,"39":1,"40":1,"41":2,"42":2,"43":1,"44":1,"45":1,"46":1,"47":1,"48":1,"49":2,"50":2,"51":2,"52":2,"53":1,"54":1,"55":2,"56":1,"57":1,"58":1,"59":2,"60":2,"61":2,"62":2,"63":1},"f":{"0":5,"1":7,"2":11,"3":11,"4":8,"5":1,"6":2,"7":1,"8":2,"9":1,"10":2},"b":{"0":[1,4],"1":[3,1],"2":[5,6],"3":[5,1],"4":[5,6],"5":[5,1],"6":[1,1,1,1,1,1,1,1],"7":[1,1],"8":[1,1]},"_coverageSchema":"1a1c01bbd47fc00a2c39e90264f33305004495a9","hash":"de7e305b22724b26c1a0ace69fabe1833ba4a98e"}
}
