TN:
SF:src/data.js
FN:2,(anonymous_0)
FN:13,(anonymous_1)
FN:18,(anonymous_2)
FN:29,(anonymous_3)
FN:40,(anonymous_4)
FN:73,(anonymous_5)
FN:74,(anonymous_6)
FN:85,(anonymous_7)
FN:86,(anonymous_8)
FN:99,(anonymous_9)
FN:100,(anonymous_10)
FNF:11
FNH:11
FNDA:5,(anonymous_0)
FNDA:7,(anonymous_1)
FNDA:11,(anonymous_2)
FNDA:11,(anonymous_3)
FNDA:8,(anonymous_4)
FNDA:1,(anonymous_5)
FNDA:2,(anonymous_6)
FNDA:1,(anonymous_7)
FNDA:2,(anonymous_8)
FNDA:1,(anonymous_9)
FNDA:2,(anonymous_10)
DA:2,1
DA:3,5
DA:4,1
DA:6,4
DA:7,3
DA:9,1
DA:13,1
DA:14,7
DA:18,1
DA:19,11
DA:20,5
DA:22,6
DA:23,5
DA:25,1
DA:29,1
DA:30,11
DA:31,5
DA:33,6
DA:34,5
DA:36,1
DA:39,1
DA:42,8
DA:44,1
DA:45,1
DA:47,1
DA:48,1
DA:50,1
DA:51,1
DA:53,1
DA:54,1
DA:56,1
DA:57,1
DA:59,1
DA:60,1
DA:62,1
DA:63,1
DA:65,1
DA:66,1
DA:68,8
DA:73,1
DA:74,1
DA:75,2
DA:76,2
DA:77,1
DA:78,1
DA:80,1
DA:82,1
DA:85,1
DA:86,1
DA:87,2
DA:88,2
DA:89,2
DA:90,2
DA:91,1
DA:92,1
DA:94,2
DA:96,1
DA:99,1
DA:100,1
DA:101,2
DA:102,2
DA:103,2
DA:104,2
DA:106,1
LF:64
LH:64
BRDA:3,0,0,1
BRDA:3,0,1,4
BRDA:6,1,0,3
BRDA:6,1,1,1
BRDA:19,2,0,5
BRDA:19,2,1,6
BRDA:22,3,0,5
BRDA:22,3,1,1
BRDA:30,4,0,5
BRDA:30,4,1,6
BRDA:33,5,0,5
BRDA:33,5,1,1
BRDA:42,6,0,1
BRDA:42,6,1,1
BRDA:42,6,2,1
BRDA:42,6,3,1
BRDA:42,6,4,1
BRDA:42,6,5,1
BRDA:42,6,6,1
BRDA:42,6,7,1
BRDA:76,7,0,1
BRDA:76,7,1,1
BRDA:90,8,0,1
BRDA:90,8,1,1
BRF:24
BRH:24
end_of_record
